global-context-modal/build/intermediates/manifest_merge_blame_file/debug/processDebugMainManifest/manifest-merger-blame-debug-report.txt
1<?xml version="1.0" encoding="utf-8"?>
2<!-- 2026-07-05 — Companion global context modal + input coordinator (fail-open SPOF relief). -->
3<manifest xmlns:android="http://schemas.android.com/apk/res/android"
4    package="com.solar.launcher.globalcontext"
5    android:versionCode="1"
6    android:versionName="1.0.0" >
7
8    <uses-sdk
9        android:minSdkVersion="17"
10        android:targetSdkVersion="35" />
11
12    <uses-permission android:name="android.permission.RECEIVE_BOOT_COMPLETED" />
12-->src/main/AndroidManifest.xml:5:5-81
12-->src/main/AndroidManifest.xml:5:22-78
13    <uses-permission android:name="android.permission.SYSTEM_ALERT_WINDOW" />
13-->src/main/AndroidManifest.xml:6:5-78
13-->src/main/AndroidManifest.xml:6:22-75
14    <uses-permission android:name="android.permission.GET_TASKS" />
14-->src/main/AndroidManifest.xml:7:5-68
14-->src/main/AndroidManifest.xml:7:22-65
15    <uses-permission android:name="com.solar.launcher.permission.OVERLAY_TRIGGER" />
15-->src/main/AndroidManifest.xml:8:5-85
15-->src/main/AndroidManifest.xml:8:22-82
16
17    <permission
17-->src/main/AndroidManifest.xml:10:5-12:55
18        android:name="com.solar.launcher.permission.OVERLAY_TRIGGER"
18-->src/main/AndroidManifest.xml:11:9-69
19        android:protectionLevel="signatureOrSystem" />
19-->src/main/AndroidManifest.xml:12:9-52
20
21    <application
21-->src/main/AndroidManifest.xml:14:5-64:19
22        android:allowBackup="false"
22-->src/main/AndroidManifest.xml:15:9-36
23        android:debuggable="true"
24        android:extractNativeLibs="true"
25        android:icon="@android:drawable/ic_menu_info_details"
25-->src/main/AndroidManifest.xml:16:9-62
26        android:label="@string/companion_app_name"
26-->src/main/AndroidManifest.xml:17:9-51
27        android:supportsRtl="true"
27-->src/main/AndroidManifest.xml:18:9-35
28        android:theme="@android:style/Theme.DeviceDefault" >
28-->src/main/AndroidManifest.xml:19:9-59
29        <service
29-->src/main/AndroidManifest.xml:21:9-24:42
30            android:name="com.solar.launcher.globalcontext.GlobalContextOverlayService"
30-->src/main/AndroidManifest.xml:22:13-56
31            android:exported="true"
31-->src/main/AndroidManifest.xml:23:13-36
32            android:process=":overlay" />
32-->src/main/AndroidManifest.xml:24:13-39
33        <service
33-->src/main/AndroidManifest.xml:26:9-29:39
34            android:name="com.solar.launcher.globalcontext.RescueHoldService"
34-->src/main/AndroidManifest.xml:27:13-46
35            android:exported="true"
35-->src/main/AndroidManifest.xml:28:13-36
36            android:process=":hold" />
36-->src/main/AndroidManifest.xml:29:13-36
37        <service
37-->src/main/AndroidManifest.xml:31:9-33:39
38            android:name="com.solar.launcher.globalcontext.GlobalInputCoordinatorService"
38-->src/main/AndroidManifest.xml:32:13-58
39            android:exported="true" />
39-->src/main/AndroidManifest.xml:33:13-36
40        <service
40-->src/main/AndroidManifest.xml:35:9-38:42
41            android:name="com.solar.launcher.globalcontext.CompanionImeOverlayService"
41-->src/main/AndroidManifest.xml:36:13-55
42            android:exported="false"
42-->src/main/AndroidManifest.xml:37:13-37
43            android:process=":overlay" />
43-->src/main/AndroidManifest.xml:38:13-39
44        <service
44-->src/main/AndroidManifest.xml:40:9-43:43
45            android:name="com.solar.launcher.globalcontext.SolarCrashWatchdog"
45-->src/main/AndroidManifest.xml:41:13-47
46            android:exported="false"
46-->src/main/AndroidManifest.xml:42:13-37
47            android:process=":watchdog" />
47-->src/main/AndroidManifest.xml:43:13-40
48
49        <receiver
49-->src/main/AndroidManifest.xml:45:9-51:20
50            android:name="com.solar.launcher.globalcontext.CompanionBootReceiver"
50-->src/main/AndroidManifest.xml:46:13-50
51            android:exported="true" >
51-->src/main/AndroidManifest.xml:47:13-36
52            <intent-filter>
52-->src/main/AndroidManifest.xml:48:13-50:29
53                <action android:name="android.intent.action.BOOT_COMPLETED" />
53-->src/main/AndroidManifest.xml:49:17-79
53-->src/main/AndroidManifest.xml:49:25-76
54            </intent-filter>
55        </receiver>
56
57        <activity
57-->src/main/AndroidManifest.xml:53:9-63:20
58            android:name="com.solar.launcher.globalcontext.EmergencyRecoveryActivity"
58-->src/main/AndroidManifest.xml:54:13-54
59            android:exported="true"
59-->src/main/AndroidManifest.xml:55:13-36
60            android:launchMode="singleTask"
60-->src/main/AndroidManifest.xml:56:13-44
61            android:theme="@android:style/Theme.DeviceDefault.NoActionBar" >
61-->src/main/AndroidManifest.xml:57:13-75
62            <intent-filter>
62-->src/main/AndroidManifest.xml:58:13-62:29
63                <action android:name="android.intent.action.MAIN" />
63-->src/main/AndroidManifest.xml:59:17-69
63-->src/main/AndroidManifest.xml:59:25-66
64
65                <category android:name="android.intent.category.HOME" />
65-->src/main/AndroidManifest.xml:60:17-73
65-->src/main/AndroidManifest.xml:60:27-70
66                <category android:name="android.intent.category.DEFAULT" />
66-->src/main/AndroidManifest.xml:61:17-76
66-->src/main/AndroidManifest.xml:61:27-73
67            </intent-filter>
68        </activity>
69    </application>
70
71</manifest>